# JRE version: OpenJDK Runtime Environment Temurin-19.0.2+7 (19.0.2+7) (build 19.0.2+7)
# Java VM: OpenJDK 64-Bit Server VM Temurin-19.0.2+7 (19.0.2+7, mixed mode, sharing, tiered, compressed oops, compressed class ptrs, g1 gc, windows-amd64)
GC Precious Log:
 CardTable entry size: 512
 Card Set container configuration: InlinePtr #cards 5 size 8 Array Of Cards #cards 12 size 40 Howl #buckets 4 coarsen threshold 1843 Howl Bitmap #cards 512 size 80 coarsen threshold 460 Card regions per heap region 1 cards per card region 2048
 CPUs: 8 total, 8 available
 Memory: 16227M
 Large Page Support: Disabled
 NUMA Support: Disabled
 Compressed Oops: Enabled (32-bit)
 Heap Region Size: 1M
 Heap Min Capacity: 8M
 Heap Initial Capacity: 254M
 Heap Max Capacity: 1G
 Pre-touch: Disabled
 Parallel Workers: 8
 Concurrent Workers: 2
 Concurrent Refinement Workers: 8
 Periodic GC: Disabled
 String Deduplication is enabled
Heap:
 garbage-first heap   total 81920K, used 54498K [0x00000000c0000000, 0x0000000100000000)
  region size 1024K, 20 young (20480K), 2 survivors (2048K)
 Metaspace       used 24680K, committed 25408K, reserved 1114112K
  class space    used 2551K, committed 2880K, reserved 1048576K
GC Heap History (18 events):
Event: 4.462 GC heap before
{Heap before GC invocations=0 (full 0):
 garbage-first heap   total 260096K, used 22528K [0x00000000c0000000, 0x0000000100000000)
  region size 1024K, 23 young (23552K), 0 survivors (0K)
 Metaspace       used 6898K, committed 7104K, reserved 1114112K
  class space    used 679K, committed 768K, reserved 1048576K
}
Event: 4.509 GC heap after
{Heap after GC invocations=1 (full 0):
 garbage-first heap   total 260096K, used 3892K [0x00000000c0000000, 0x0000000100000000)
  region size 1024K, 3 young (3072K), 3 survivors (3072K)
 Metaspace       used 6898K, committed 7104K, reserved 1114112K
  class space    used 679K, committed 768K, reserved 1048576K
}
Event: 8.631 GC heap before
{Heap before GC invocations=1 (full 0):
 garbage-first heap   total 260096K, used 32564K [0x00000000c0000000, 0x0000000100000000)
  region size 1024K, 32 young (32768K), 3 survivors (3072K)
 Metaspace       used 14327K, committed 14848K, reserved 1114112K
  class space    used 1427K, committed 1664K, reserved 1048576K
}
Event: 8.773 GC heap after
{Heap after GC invocations=2 (full 0):
 garbage-first heap   total 260096K, used 11460K [0x00000000c0000000, 0x0000000100000000)
  region size 1024K, 4 young (4096K), 4 survivors (4096K)
 Metaspace       used 14327K, committed 14848K, reserved 1114112K
  class space    used 1427K, committed 1664K, reserved 1048576K
}
Event: 33.572 GC heap before
{Heap before GC invocations=2 (full 0):
 garbage-first heap   total 260096K, used 142532K [0x00000000c0000000, 0x0000000100000000)
  region size 1024K, 128 young (131072K), 4 survivors (4096K)
 Metaspace       used 18248K, committed 18880K, reserved 1114112K
  class space    used 1836K, committed 2112K, reserved 1048576K
}
Event: 33.580 GC heap after
{Heap after GC invocations=3 (full 0):
 garbage-first heap   total 260096K, used 14877K [0x00000000c0000000, 0x0000000100000000)
  region size 1024K, 8 young (8192K), 8 survivors (8192K)
 Metaspace       used 18248K, committed 18880K, reserved 1114112K
  class space    used 1836K, committed 2112K, reserved 1048576K
}
Event: 34.397 GC heap before
{Heap before GC invocations=3 (full 0):
 garbage-first heap   total 260096K, used 40477K [0x00000000c0000000, 0x0000000100000000)
  region size 1024K, 32 young (32768K), 8 survivors (8192K)
 Metaspace       used 20833K, committed 21504K, reserved 1114112K
  class space    used 2159K, committed 2496K, reserved 1048576K
}
Event: 34.409 GC heap after
{Heap after GC invocations=4 (full 0):
 garbage-first heap   total 260096K, used 20813K [0x00000000c0000000, 0x0000000100000000)
  region size 1024K, 14 young (14336K), 14 survivors (14336K)
 Metaspace       used 20833K, committed 21504K, reserved 1114112K
  class space    used 2159K, committed 2496K, reserved 1048576K
}
Event: 34.741 GC heap before
{Heap before GC invocations=5 (full 0):
 garbage-first heap   total 81920K, used 30029K [0x00000000c0000000, 0x0000000100000000)
  region size 1024K, 23 young (23552K), 14 survivors (14336K)
 Metaspace       used 21795K, committed 22400K, reserved 1114112K
  class space    used 2278K, committed 2560K, reserved 1048576K
}
Event: 34.756 GC heap after
{Heap after GC invocations=6 (full 0):
 garbage-first heap   total 81920K, used 22051K [0x00000000c0000000, 0x0000000100000000)
  region size 1024K, 3 young (3072K), 3 survivors (3072K)
 Metaspace       used 21795K, committed 22400K, reserved 1114112K
  class space    used 2278K, committed 2560K, reserved 1048576K
}
Event: 34.767 GC heap before
{Heap before GC invocations=6 (full 0):
 garbage-first heap   total 81920K, used 23075K [0x00000000c0000000, 0x0000000100000000)
  region size 1024K, 4 young (4096K), 3 survivors (3072K)
 Metaspace       used 21804K, committed 22400K, reserved 1114112K
  class space    used 2280K, committed 2560K, reserved 1048576K
}
Event: 34.771 GC heap after
{Heap after GC invocations=7 (full 0):
 garbage-first heap   total 81920K, used 22095K [0x00000000c0000000, 0x0000000100000000)
  region size 1024K, 1 young (1024K), 1 survivors (1024K)
 Metaspace       used 21804K, committed 22400K, reserved 1114112K
  class space    used 2280K, committed 2560K, reserved 1048576K
}
Event: 35.994 GC heap before
{Heap before GC invocations=7 (full 0):
 garbage-first heap   total 81920K, used 54863K [0x00000000c0000000, 0x0000000100000000)
  region size 1024K, 33 young (33792K), 1 survivors (1024K)
 Metaspace       used 22133K, committed 22848K, reserved 1114112K
  class space    used 2318K, committed 2624K, reserved 1048576K
}
Event: 35.996 GC heap after
{Heap after GC invocations=8 (full 0):
 garbage-first heap   total 81920K, used 21761K [0x00000000c0000000, 0x0000000100000000)
  region size 1024K, 1 young (1024K), 1 survivors (1024K)
 Metaspace       used 22133K, committed 22848K, reserved 1114112K
  class space    used 2318K, committed 2624K, reserved 1048576K
}
Event: 37.227 GC heap before
{Heap before GC invocations=8 (full 0):
 garbage-first heap   total 81920K, used 66817K [0x00000000c0000000, 0x0000000100000000)
  region size 1024K, 36 young (36864K), 1 survivors (1024K)
 Metaspace       used 22670K, committed 23424K, reserved 1114112K
  class space    used 2368K, committed 2688K, reserved 1048576K
}
Event: 37.239 GC heap after
{Heap after GC invocations=9 (full 0):
 garbage-first heap   total 81920K, used 31425K [0x00000000c0000000, 0x0000000100000000)
  region size 1024K, 5 young (5120K), 5 survivors (5120K)
 Metaspace       used 22670K, committed 23424K, reserved 1114112K
  class space    used 2368K, committed 2688K, reserved 1048576K
}
Event: 38.403 GC heap before
{Heap before GC invocations=9 (full 0):
 garbage-first heap   total 81920K, used 62145K [0x00000000c0000000, 0x0000000100000000)
  region size 1024K, 29 young (29696K), 5 survivors (5120K)
 Metaspace       used 22818K, committed 23552K, reserved 1114112K
  class space    used 2392K, committed 2688K, reserved 1048576K
}
Event: 38.413 GC heap after
{Heap after GC invocations=10 (full 0):
 garbage-first heap   total 81920K, used 35371K [0x00000000c0000000, 0x0000000100000000)
  region size 1024K, 4 young (4096K), 4 survivors (4096K)
 Metaspace       used 22818K, committed 23552K, reserved 1114112K
  class space    used 2392K, committed 2688K, reserved 1048576K
}

